Power Report Interval
100000000 ps

Power Report                        Node     Tc    Ti   Time At 1   Time At 0  Time At X
----------------------------------------------------------------------------------------
                           /testbench/ck  20000     0    50000000    50000000          0
                          /testbench/rst      2     0         200    99999800          0
                         /testbench/A(7)   4974     0    50030000    49970000          0
                         /testbench/A(6)   5022     0    49460000    50540000          0
                         /testbench/A(5)   4987     0    49384900    50615100          0
                         /testbench/A(4)   4972     0    49970000    50030000          0
                         /testbench/A(3)   4960     0    51250000    48750000          0
                         /testbench/A(2)   4965     0    49894900    50105100          0
                         /testbench/A(1)   5024     0    50000000    50000000          0
                         /testbench/A(0)   5060     0    49940000    50060000          0
           /testbench/COUNTTRANSBASED(7)   5003     0    49825000    50174900        100
           /testbench/COUNTTRANSBASED(6)   4946     0    49830000    50169900        100
           /testbench/COUNTTRANSBASED(5)   4938     0    50480000    49519900        100
           /testbench/COUNTTRANSBASED(4)   4997     0    49585000    50414900        100
           /testbench/COUNTTRANSBASED(3)   5125     0    49945000    50054900        100
           /testbench/COUNTTRANSBASED(2)   4989     0    50245000    49754900        100
           /testbench/COUNTTRANSBASED(1)   5000     0    49890000    50109900        100
           /testbench/COUNTTRANSBASED(0)   4994     0    49540000    50459900        100
               /testbench/CTRANSBASED(7)   4973     0    50025000    49974900        100
               /testbench/CTRANSBASED(6)   5021     0    49445000    50554900        100
               /testbench/CTRANSBASED(5)   4987     0    49365000    50634900        100
               /testbench/CTRANSBASED(4)   4972     0    49970000    50029900        100
               /testbench/CTRANSBASED(3)   4958     0    51240000    48759900        100
               /testbench/CTRANSBASED(2)   4964     0    49880000    50119900        100
               /testbench/CTRANSBASED(1)   5023     0    49985000    50014900        100
               /testbench/CTRANSBASED(0)   5060     0    49940000    50059900        100
----------------------------------------------------------------------------------------