
Power Report Interval
100000000 ps

Power Report                        Node     Tc     Ti    Time At 1    Time At 0    Time At X
---------------------------------------------------------------------------------------------
                       /testbench/Ain[7]   4974      0     50030000     49970000            0
                       /testbench/Ain[6]   5022      0     49460000     50540000            0
                       /testbench/Ain[5]   4987      0     49384900     50615100            0
                       /testbench/Ain[4]   4972      0     49970000     50030000            0
                       /testbench/Ain[3]   4960      0     51250000     48750000            0
                       /testbench/Ain[2]   4965      0     49894900     50105100            0
                       /testbench/Ain[1]   5024      0     50000000     50000000            0
                       /testbench/Ain[0]   5060      0     49940000     50060000            0
                           /testbench/ck  20000      0     50000000     50000000            0
                          /testbench/rst      2      0          200     99999800            0
                  /testbench/ABUSNORM(7)   4974      0     50030000     49970000            0
                  /testbench/ABUSNORM(6)   5022      0     49460000     50540000            0
                  /testbench/ABUSNORM(5)   4987      0     49384900     50615100            0
                  /testbench/ABUSNORM(4)   4972      0     49970000     50030000            0
                  /testbench/ABUSNORM(3)   4960      0     51250000     48750000            0
                  /testbench/ABUSNORM(2)   4965      0     49894900     50105100            0
                  /testbench/ABUSNORM(1)   5024      0     50000000     50000000            0
                  /testbench/ABUSNORM(0)   5060      0     49940000     50060000            0
              /testbench/COUNTBUSNORM(7)   4974      0     50030000     49969900          100
              /testbench/COUNTBUSNORM(6)   5021      0     49455000     50544900          100
              /testbench/COUNTBUSNORM(5)   4987      0     49375000     50624900          100
              /testbench/COUNTBUSNORM(4)   4972      0     49970000     50029900          100
              /testbench/COUNTBUSNORM(3)   4959      0     51245000     48754900          100
              /testbench/COUNTBUSNORM(2)   4965      0     49885000     50114900          100
              /testbench/COUNTBUSNORM(1)   5023      0     49995000     50004900          100
              /testbench/COUNTBUSNORM(0)   5060      0     49940000     50059900          100
                  /testbench/CBUSNORM(7)   4973      0     50025000     49974900          100
                  /testbench/CBUSNORM(6)   5021      0     49445000     50554900          100
                  /testbench/CBUSNORM(5)   4987      0     49365000     50634900          100
                  /testbench/CBUSNORM(4)   4972      0     49970000     50029900          100
                  /testbench/CBUSNORM(3)   4958      0     51240000     48759900          100
                  /testbench/CBUSNORM(2)   4964      0     49880000     50119900          100
                  /testbench/CBUSNORM(1)   5023      0     49985000     50014900          100
                  /testbench/CBUSNORM(0)   5060      0     49940000     50059900          100
            /testbench/COUNTBUSINVBEH(8)   3650      0     49260000     50739900          100
            /testbench/COUNTBUSINVBEH(7)   3576      0     48810000     51189900          100
            /testbench/COUNTBUSINVBEH(6)   3611      0     49595000     50404900          100
            /testbench/COUNTBUSINVBEH(5)   3617      0     52235000     47764900          100
            /testbench/COUNTBUSINVBEH(4)   3640      0     50190000     49809900          100
            /testbench/COUNTBUSINVBEH(3)   3613      0     49685000     50314900          100
            /testbench/COUNTBUSINVBEH(2)   3601      0     50405000     49594900          100
            /testbench/COUNTBUSINVBEH(1)   3639      0     50295000     49704900          100
            /testbench/COUNTBUSINVBEH(0)   3722      0     51500000     48499900          100
                /testbench/CBUSINVBEH(7)   4973      0     50025000     49974900          100
                /testbench/CBUSINVBEH(6)   5021      0     49445000     50554900          100
                /testbench/CBUSINVBEH(5)   4987      0     49365000     50634900          100
                /testbench/CBUSINVBEH(4)   4972      0     49970000     50029900          100
                /testbench/CBUSINVBEH(3)   4958      0     51240000     48759900          100
                /testbench/CBUSINVBEH(2)   4964      0     49880000     50119900          100
                /testbench/CBUSINVBEH(1)   5023      0     49985000     50014900          100
                /testbench/CBUSINVBEH(0)   5060      0     49940000     50059900          100
           /testbench/COUNTTRANSBASED(7)   5003      0     49825000     50174900          100
           /testbench/COUNTTRANSBASED(6)   4946      0     49830000     50169900          100
           /testbench/COUNTTRANSBASED(5)   4938      0     50480000     49519900          100
           /testbench/COUNTTRANSBASED(4)   4997      0     49585000     50414900          100
           /testbench/COUNTTRANSBASED(3)   5125      0     49945000     50054900          100
           /testbench/COUNTTRANSBASED(2)   4989      0     50245000     49754900          100
           /testbench/COUNTTRANSBASED(1)   5000      0     49890000     50109900          100
           /testbench/COUNTTRANSBASED(0)   4994      0     49540000     50459900          100
               /testbench/CTRANSBASED(7)   4973      0     50025000     49974900          100
               /testbench/CTRANSBASED(6)   5021      0     49445000     50554900          100
               /testbench/CTRANSBASED(5)   4987      0     49365000     50634900          100
               /testbench/CTRANSBASED(4)   4972      0     49970000     50029900          100
               /testbench/CTRANSBASED(3)   4958      0     51240000     48759900          100
               /testbench/CTRANSBASED(2)   4964      0     49880000     50119900          100
               /testbench/CTRANSBASED(1)   5023      0     49985000     50014900          100
               /testbench/CTRANSBASED(0)   5060      0     49940000     50059900          100
          /testbench/COUNTGRAYENCODER(7)   4974      0     50030000     49969900          100
          /testbench/COUNTGRAYENCODER(6)   5087      0     50105000     49894900          100
          /testbench/COUNTGRAYENCODER(5)   4952      0     50100000     49899900          100
          /testbench/COUNTGRAYENCODER(4)   4981      0     50505000     49494900          100
          /testbench/COUNTGRAYENCODER(3)   4937      0     49415000     50584900          100
          /testbench/COUNTGRAYENCODER(2)   5056      0     50320000     49679900          100
          /testbench/COUNTGRAYENCODER(1)   4962      0     50710000     49289900          100
          /testbench/COUNTGRAYENCODER(0)   5075      0     49715000     50284900          100
              /testbench/CGRAYENCODER(7)   4973      0     50025000     49974900          100
              /testbench/CGRAYENCODER(6)   5021   2519     49445000     50554900          100
              /testbench/CGRAYENCODER(5)   2455   6278     49365000     50634900          100
              /testbench/CGRAYENCODER(4)      5  10619     49970000     50029900          100
              /testbench/CGRAYENCODER(3)      1  15261     51240000     48759900          100
            /testbench/COUNTT0ENCODER(8)     72      0       360000     99639900          100
            /testbench/COUNTT0ENCODER(7)   4974      0     50030000     49969900          100
            /testbench/COUNTT0ENCODER(6)   5021      0     49455000     50544900          100
            /testbench/COUNTT0ENCODER(5)   4987      0     49375000     50624900          100
            /testbench/COUNTT0ENCODER(4)   4972      0     49970000     50029900          100
            /testbench/COUNTT0ENCODER(3)   4957      0     51235000     48764900          100
            /testbench/COUNTT0ENCODER(2)   4963      0     49845000     50154900          100
            /testbench/COUNTT0ENCODER(1)   5001      0     49935000     50064900          100
            /testbench/COUNTT0ENCODER(0)   5028      0     49940000     50059900          100
                /testbench/CT0ENCODER(7)   4973      0     50025000     49974900          100
                /testbench/CT0ENCODER(6)   5021      0     49445000     50554900          100
                /testbench/CT0ENCODER(5)   4987      0     49365000     50634900          100
                /testbench/CT0ENCODER(4)   4972      0     49970000     50029900          100
                /testbench/CT0ENCODER(3)   4958      0     51240000     48759900          100
                /testbench/CT0ENCODER(2)   4964      0     49880000     50119900          100
                /testbench/CT0ENCODER(1)   5023      0     49985000     50014900          100
                /testbench/CT0ENCODER(0)   5060      0     49940000     50059900          100
                           /testbench/CK  20000      0     50000000     50000000            0
                          /testbench/RST      2      0          200     99999800            0
                         /testbench/A(7)   4974      0     50030000     49970000            0
                         /testbench/A(6)   5022      0     49460000     50540000            0
                         /testbench/A(5)   4987      0     49384900     50615100            0
                         /testbench/A(4)   4972      0     49970000     50030000            0
                         /testbench/A(3)   4960      0     51250000     48750000            0
                         /testbench/A(2)   4965      0     49894900     50105100            0
                         /testbench/A(1)   5024      0     50000000     50000000            0
                         /testbench/A(0)   5060      0     49940000     50060000            0
                      /testbench/line[7]   4973      0     50030000     49965000         5000
                      /testbench/line[6]   5021      0     49460000     50535000         5000
                      /testbench/line[5]   4986      0     49385000     50610000         5000
                      /testbench/line[4]   4972      0     49970000     50025000         5000
                      /testbench/line[3]   4960      0     51250000     48745000         5000
                      /testbench/line[2]   4964      0     49895000     50100000         5000
                      /testbench/line[1]   5023      0     50000000     49995000         5000
                      /testbench/line[0]   5060      0     49940000     50055000         5000
---------------------------------------------------------------------------------------------

