Power Report Interval
100000000 ps

Power Report                        Node     Tc    Ti   Time At 1   Time At 0  Time At X
----------------------------------------------------------------------------------------
                           /testbench/ck  20000     0    50000000    50000000          0
                          /testbench/rst      2     0         200    99999800          0
                         /testbench/A(7)     97     0    48164900    51835100          0
                         /testbench/A(6)    118     0    37760000    62240000          0
                         /testbench/A(5)    312     0    49927000    50073000          0
                         /testbench/A(4)    625     0    49931900    50068100          0
                         /testbench/A(3)   1250     0    50007000    49993000          0
                         /testbench/A(2)   2500     0    50007000    49993000          0
                         /testbench/A(1)   5000     0    50007000    49993000          0
                         /testbench/A(0)  10000     0    50007000    49993000          0
            /testbench/COUNTT0ENCODER(8)    119     0    99395000      604900        100
            /testbench/COUNTT0ENCODER(7)     29     0    73115000    26884900        100
            /testbench/COUNTT0ENCODER(6)     24     0    34560000    65439900        100
                /testbench/CT0ENCODER(7)     97     0    48145000    51854900        100
                /testbench/CT0ENCODER(6)    118     0    37760000    62239900        100
                /testbench/CT0ENCODER(5)    312     0    49920000    50079900        100
                /testbench/CT0ENCODER(4)    624     0    49920000    50079900        100
                /testbench/CT0ENCODER(3)   1249     0    49985000    50014900        100
                /testbench/CT0ENCODER(2)   2499     0    49985000    50014900        100
                /testbench/CT0ENCODER(1)   4999     0    49985000    50014900        100
                /testbench/CT0ENCODER(0)   9998     0    49990000    50009900        100
----------------------------------------------------------------------------------------