
Power Report Interval
100000000 ps

Power Report                        Node     Tc     Ti    Time At 1    Time At 0    Time At X
---------------------------------------------------------------------------------------------
                       /testbench/Ain[7]     97      0     48164900     51835100            0
                       /testbench/Ain[6]    118      0     37760000     62240000            0
                       /testbench/Ain[5]    312      0     49927000     50073000            0
                       /testbench/Ain[4]    625      0     49931900     50068100            0
                       /testbench/Ain[3]   1250      0     50007000     49993000            0
                       /testbench/Ain[2]   2500      0     50007000     49993000            0
                       /testbench/Ain[1]   5000      0     50007000     49993000            0
                       /testbench/Ain[0]  10000      0     50007000     49993000            0
                           /testbench/ck  20000      0     50000000     50000000            0
                          /testbench/rst      2      0          200     99999800            0
                  /testbench/ABUSNORM(7)     97      0     48164900     51835100            0
                  /testbench/ABUSNORM(6)    118      0     37760000     62240000            0
                  /testbench/ABUSNORM(5)    312      0     49927000     50073000            0
                  /testbench/ABUSNORM(4)    625      0     49931900     50068100            0
                  /testbench/ABUSNORM(3)   1250      0     50007000     49993000            0
                  /testbench/ABUSNORM(2)   2500      0     50007000     49993000            0
                  /testbench/ABUSNORM(1)   5000      0     50007000     49993000            0
                  /testbench/ABUSNORM(0)  10000      0     50007000     49993000            0
              /testbench/COUNTBUSNORM(7)     97      0     48155000     51844900          100
              /testbench/COUNTBUSNORM(6)    118      0     37760000     62239900          100
              /testbench/COUNTBUSNORM(5)    312      0     49920000     50079900          100
              /testbench/COUNTBUSNORM(4)    624      0     49920000     50079900          100
              /testbench/COUNTBUSNORM(3)   1249      0     49995000     50004900          100
              /testbench/COUNTBUSNORM(2)   2499      0     49995000     50004900          100
              /testbench/COUNTBUSNORM(1)   4999      0     49995000     50004900          100
              /testbench/COUNTBUSNORM(0)   9999      0     49995000     50004900          100
                  /testbench/CBUSNORM(7)     97      0     48145000     51854900          100
                  /testbench/CBUSNORM(6)    118      0     37760000     62239900          100
                  /testbench/CBUSNORM(5)    312      0     49920000     50079900          100
                  /testbench/CBUSNORM(4)    624      0     49920000     50079900          100
                  /testbench/CBUSNORM(3)   1249      0     49985000     50014900          100
                  /testbench/CBUSNORM(2)   2499      0     49985000     50014900          100
                  /testbench/CBUSNORM(1)   4999      0     49985000     50014900          100
                  /testbench/CBUSNORM(0)   9998      0     49990000     50009900          100
            /testbench/COUNTBUSINVBEH(8)    624      0     49920000     50079900          100
            /testbench/COUNTBUSINVBEH(7)    527      0     50075000     49924900          100
            /testbench/COUNTBUSINVBEH(6)    506      0     49920000     50079900          100
            /testbench/COUNTBUSINVBEH(5)    312      0     49920000     50079900          100
            /testbench/COUNTBUSINVBEH(3)    625      0     49995000     50004900          100
            /testbench/COUNTBUSINVBEH(2)   1875      0     49995000     50004900          100
            /testbench/COUNTBUSINVBEH(1)   4375      0     49995000     50004900          100
            /testbench/COUNTBUSINVBEH(0)   9375      0     49995000     50004900          100
                /testbench/CBUSINVBEH(7)     97      0     48145000     51854900          100
                /testbench/CBUSINVBEH(6)    118      0     37760000     62239900          100
                /testbench/CBUSINVBEH(5)    312      0     49920000     50079900          100
                /testbench/CBUSINVBEH(4)    624      0     49920000     50079900          100
                /testbench/CBUSINVBEH(3)   1249      0     49985000     50014900          100
                /testbench/CBUSINVBEH(2)   2499      0     49985000     50014900          100
                /testbench/CBUSINVBEH(1)   4999      0     49985000     50014900          100
                /testbench/CBUSINVBEH(0)   9998      0     49990000     50009900          100
           /testbench/COUNTTRANSBASED(7)   4816      0     24080000     75919900          100
           /testbench/COUNTTRANSBASED(6)   3776      0     18880000     81119900          100
           /testbench/COUNTTRANSBASED(5)   4992      0     24960000     75039900          100
           /testbench/COUNTTRANSBASED(4)   4992      0     24960000     75039900          100
           /testbench/COUNTTRANSBASED(3)   5000      0     25000000     74999900          100
           /testbench/COUNTTRANSBASED(2)   5000      0     25000000     74999900          100
           /testbench/COUNTTRANSBASED(1)   5000      0     25000000     74999900          100
           /testbench/COUNTTRANSBASED(0)   5000      0     50000000     49999900          100
               /testbench/CTRANSBASED(7)     97      0     48145000     51854900          100
               /testbench/CTRANSBASED(6)    118      0     37760000     62239900          100
               /testbench/CTRANSBASED(5)    312      0     49920000     50079900          100
               /testbench/CTRANSBASED(4)    624      0     49920000     50079900          100
               /testbench/CTRANSBASED(3)   1249      0     49985000     50014900          100
               /testbench/CTRANSBASED(2)   2499      0     49985000     50014900          100
               /testbench/CTRANSBASED(1)   4999      0     49985000     50014900          100
               /testbench/CTRANSBASED(0)   9998      0     49990000     50009900          100
          /testbench/COUNTGRAYENCODER(7)     97      0     48155000     51844900          100
          /testbench/COUNTGRAYENCODER(6)     55      0     24475000     75524900          100
          /testbench/COUNTGRAYENCODER(5)    194      0     49920000     50079900          100
          /testbench/COUNTGRAYENCODER(4)    312      0     49920000     50079900          100
          /testbench/COUNTGRAYENCODER(3)    625      0     49995000     50004900          100
          /testbench/COUNTGRAYENCODER(2)   1250      0     50000000     49999900          100
          /testbench/COUNTGRAYENCODER(1)   2500      0     50000000     49999900          100
          /testbench/COUNTGRAYENCODER(0)   5000      0     50000000     49999900          100
              /testbench/CGRAYENCODER(7)     97      0     48145000     51854900          100
              /testbench/CGRAYENCODER(6)    118     17     37760000     62239900          100
              /testbench/CGRAYENCODER(5)    278     34     49920000     50079900          100
              /testbench/CGRAYENCODER(4)    590     34     49920000     50079900          100
              /testbench/CGRAYENCODER(3)   1215     34     49985000     50014900          100
              /testbench/CGRAYENCODER(2)   2465     34     49985000     50014900          100
              /testbench/CGRAYENCODER(1)   4965     34     49985000     50014900          100
              /testbench/CGRAYENCODER(0)   9964     34     49990000     50009900          100
            /testbench/COUNTT0ENCODER(8)    119      0     99395000       604900          100
            /testbench/COUNTT0ENCODER(7)     29      0     73115000     26884900          100
            /testbench/COUNTT0ENCODER(6)     24      0     34560000     65439900          100
                /testbench/CT0ENCODER(7)     97      0     48145000     51854900          100
                /testbench/CT0ENCODER(6)    118      0     37760000     62239900          100
                /testbench/CT0ENCODER(5)    312      0     49920000     50079900          100
                /testbench/CT0ENCODER(4)    624      0     49920000     50079900          100
                /testbench/CT0ENCODER(3)   1249      0     49985000     50014900          100
                /testbench/CT0ENCODER(2)   2499      0     49985000     50014900          100
                /testbench/CT0ENCODER(1)   4999      0     49985000     50014900          100
                /testbench/CT0ENCODER(0)   9998      0     49990000     50009900          100
                           /testbench/CK  20000      0     50000000     50000000            0
                          /testbench/RST      2      0          200     99999800            0
                         /testbench/A(7)     97      0     48164900     51835100            0
                         /testbench/A(6)    118      0     37760000     62240000            0
                         /testbench/A(5)    312      0     49927000     50073000            0
                         /testbench/A(4)    625      0     49931900     50068100            0
                         /testbench/A(3)   1250      0     50007000     49993000            0
                         /testbench/A(2)   2500      0     50007000     49993000            0
                         /testbench/A(1)   5000      0     50007000     49993000            0
                         /testbench/A(0)  10000      0     50007000     49993000            0
                      /testbench/line[7]   4973      0     50030000     49965000         5000
                      /testbench/line[6]   5021      0     49460000     50535000         5000
                      /testbench/line[5]   4986      0     49385000     50610000         5000
                      /testbench/line[4]   4972      0     49970000     50025000         5000
                      /testbench/line[3]   4960      0     51250000     48745000         5000
                      /testbench/line[2]   4964      0     49895000     50100000         5000
                      /testbench/line[1]   5023      0     50000000     49995000         5000
                      /testbench/line[0]   5060      0     49940000     50055000         5000
---------------------------------------------------------------------------------------------

